Flow report for DE2_115_D8M_RTL
Wed Dec 20 16:31:33 2017
Quartus Prime Version 17.1.0 Build 590 10/25/2017 SJ Lite Edition


---------------------
; Table of Contents ;
---------------------
  1. Legal Notice
  2. Flow Summary
  3. Flow Settings
  4. Flow Non-Default Global Settings
  5. Flow Elapsed Time
  6. Flow OS Summary
  7. Flow Log
  8. Flow Messages
  9. Flow Suppressed Messages



----------------
; Legal Notice ;
----------------
Copyright (C) 2017  Intel Corporation. All rights reserved.
Your use of Intel Corporation's design tools, logic functions 
and other software and tools, and its AMPP partner logic 
functions, and any output files from any of the foregoing 
(including device programming or simulation files), and any 
associated documentation or information are expressly subject 
to the terms and conditions of the Intel Program License 
Subscription Agreement, the Intel Quartus Prime License Agreement,
the Intel FPGA IP License Agreement, or other applicable license
agreement, including, without limitation, that your use is for
the sole purpose of programming logic devices manufactured by
Intel and sold by Intel or its authorized distributors.  Please
refer to the applicable agreement for further details.



+----------------------------------------------------------------------------------+
; Flow Summary                                                                     ;
+------------------------------------+---------------------------------------------+
; Flow Status                        ; Successful - Wed Dec 20 16:31:26 2017       ;
; Quartus Prime Version              ; 17.1.0 Build 590 10/25/2017 SJ Lite Edition ;
; Revision Name                      ; DE2_115_D8M_RTL                             ;
; Top-level Entity Name              ; Flipdot_video                               ;
; Family                             ; Cyclone IV E                                ;
; Device                             ; EP4CE115F29C7                               ;
; Timing Models                      ; Final                                       ;
; Total logic elements               ; 7,748 / 114,480 ( 7 % )                     ;
;     Total combinational functions  ; 7,248 / 114,480 ( 6 % )                     ;
;     Dedicated logic registers      ; 3,822 / 114,480 ( 3 % )                     ;
; Total registers                    ; 3822                                        ;
; Total pins                         ; 238 / 529 ( 45 % )                          ;
; Total virtual pins                 ; 0                                           ;
; Total memory bits                  ; 428,064 / 3,981,312 ( 11 % )                ;
; Embedded Multiplier 9-bit elements ; 0 / 532 ( 0 % )                             ;
; Total PLLs                         ; 3 / 4 ( 75 % )                              ;
+------------------------------------+---------------------------------------------+


+-----------------------------------------+
; Flow Settings                           ;
+-------------------+---------------------+
; Option            ; Setting             ;
+-------------------+---------------------+
; Start date & time ; 12/20/2017 16:25:16 ;
; Main task         ; Compilation         ;
; Revision Name     ; DE2_115_D8M_RTL     ;
+-------------------+---------------------+


+-----------------------------------------------------------------------------------------------------------------------------+
; Flow Non-Default Global Settings                                                                                            ;
+-------------------------------------+----------------------------------------+-----------------+---------------+------------+
; Assignment Name                     ; Value                                  ; Default Value   ; Entity Name   ; Section Id ;
+-------------------------------------+----------------------------------------+-----------------+---------------+------------+
; COMPILER_SIGNATURE_ID               ; 2546680725505.151381591610232          ; --              ; --            ; --         ;
; MAX_CORE_JUNCTION_TEMP              ; 85                                     ; --              ; --            ; --         ;
; MIN_CORE_JUNCTION_TEMP              ; 0                                      ; --              ; --            ; --         ;
; MISC_FILE                           ; ball_ram_bb.v                          ; --              ; --            ; --         ;
; MISC_FILE                           ; BALL_DETECTOR/red_line_x_bb.v          ; --              ; --            ; --         ;
; MISC_FILE                           ; uart_pll_bb.v                          ; --              ; --            ; --         ;
; MISC_FILE                           ; uart_pll.ppf                           ; --              ; --            ; --         ;
; PARTITION_COLOR                     ; -- (Not supported for targeted family) ; --              ; Flipdot_video ; Top        ;
; PARTITION_FITTER_PRESERVATION_LEVEL ; -- (Not supported for targeted family) ; --              ; Flipdot_video ; Top        ;
; PARTITION_NETLIST_TYPE              ; -- (Not supported for targeted family) ; --              ; Flipdot_video ; Top        ;
; POWER_BOARD_THERMAL_MODEL           ; None (CONSERVATIVE)                    ; --              ; --            ; --         ;
; POWER_PRESET_COOLING_SOLUTION       ; 23 MM HEAT SINK WITH 200 LFPM AIRFLOW  ; --              ; --            ; --         ;
; PROJECT_OUTPUT_DIRECTORY            ; output_files                           ; --              ; --            ; --         ;
; TOP_LEVEL_ENTITY                    ; Flipdot_video                          ; DE2_115_D8M_RTL ; --            ; --         ;
+-------------------------------------+----------------------------------------+-----------------+---------------+------------+


+-------------------------------------------------------------------------------------------------------------------------------+
; Flow Elapsed Time                                                                                                             ;
+---------------------------+--------------+-------------------------+---------------------+------------------------------------+
; Module Name               ; Elapsed Time ; Average Processors Used ; Peak Virtual Memory ; Total CPU Time (on all processors) ;
+---------------------------+--------------+-------------------------+---------------------+------------------------------------+
; Analysis & Synthesis      ; 00:01:32     ; 1.0                     ; 779 MB              ; 00:01:46                           ;
; Fitter                    ; 00:04:29     ; 1.0                     ; 1693 MB             ; 00:05:02                           ;
; Assembler                 ; 00:00:04     ; 1.0                     ; 572 MB              ; 00:00:04                           ;
; TimeQuest Timing Analyzer ; 00:00:06     ; 1.3                     ; 780 MB              ; 00:00:07                           ;
; Total                     ; 00:06:11     ; --                      ; --                  ; 00:06:59                           ;
+---------------------------+--------------+-------------------------+---------------------+------------------------------------+


+----------------------------------------------------------------------------------------+
; Flow OS Summary                                                                        ;
+---------------------------+------------------+-----------+------------+----------------+
; Module Name               ; Machine Hostname ; OS Name   ; OS Version ; Processor type ;
+---------------------------+------------------+-----------+------------+----------------+
; Analysis & Synthesis      ; Del_Alienware    ; Windows 7 ; 6.1        ; x86_64         ;
; Fitter                    ; Del_Alienware    ; Windows 7 ; 6.1        ; x86_64         ;
; Assembler                 ; Del_Alienware    ; Windows 7 ; 6.1        ; x86_64         ;
; TimeQuest Timing Analyzer ; Del_Alienware    ; Windows 7 ; 6.1        ; x86_64         ;
+---------------------------+------------------+-----------+------------+----------------+


------------
; Flow Log ;
------------
quartus_map --read_settings_files=on --write_settings_files=off DE2_115_D8M_RTL -c DE2_115_D8M_RTL
quartus_fit --read_settings_files=off --write_settings_files=off DE2_115_D8M_RTL -c DE2_115_D8M_RTL
quartus_asm --read_settings_files=off --write_settings_files=off DE2_115_D8M_RTL -c DE2_115_D8M_RTL
quartus_sta DE2_115_D8M_RTL -c DE2_115_D8M_RTL



